[2023-05-31 14:08:17,008] multiqc                                            [DEBUG  ]  This is MultiQC v1.13
[2023-05-31 14:08:17,024] multiqc                                            [DEBUG  ]  Command used: /shared/ifbstor1/software/miniconda/envs/multiqc-1.13/bin/multiqc --force --title magnus-re-done-sample-sub-set ../data/merged_pairs/ ./fastqc/ ./mtronstad_flash2.log ./bowtie ./kraken2/
[2023-05-31 14:08:17,483] multiqc                                            [WARNING]  MultiQC Version v1.14 now available!
[2023-05-31 14:08:17,483] multiqc                                            [DEBUG  ]  Working dir : /shared/ifbstor1/projects/2314_medbioinfo/magnus/MedBioinfo/analyses
[2023-05-31 14:08:17,484] multiqc                                            [DEBUG  ]  Template    : default
[2023-05-31 14:08:17,484] multiqc                                            [DEBUG  ]  Running Python 3.10.6 | packaged by conda-forge | (main, Aug 22 2022, 20:36:39) [GCC 10.4.0]
[2023-05-31 14:08:17,484] multiqc                                            [INFO   ]  Report title: magnus-re-done-sample-sub-set
[2023-05-31 14:08:17,487] multiqc                                            [DEBUG  ]  Analysing modules: custom_content, ccs, ngsderive, purple, conpair, lima, peddy, somalier, methylQA, mosdepth, phantompeakqualtools, qualimap, preseq, quast, qorts, rna_seqc, rockhopper, rsem, rseqc, busco, bustools, goleft_indexcov, gffcompare, disambiguate, supernova, deeptools, sargasso, verifybamid, mirtrace, happy, mirtop, sambamba, homer, hops, macs2, theta2, snpeff, gatk, htseq, bcftools, featureCounts, fgbio, dragen, dedup, pbmarkdup, damageprofiler, biobambam2, jcvi, mtnucratio, picard, vep, sentieon, prokka, qc3C, nanostat, samblaster, samtools, sexdeterrmine, eigenstratdatabasetools, bamtools, jellyfish, vcftools, longranger, stacks, varscan2, snippy, bbmap, bismark, biscuit, hicexplorer, hicup, hicpro, salmon, kallisto, slamdunk, star, hisat2, tophat, bowtie2, bowtie1, snpsplit, odgi, pangolin, kat, leehom, adapterRemoval, clipandmerge, cutadapt, flexbar, kaiju, kraken, malt, trimmomatic, sickle, skewer, sortmerna, biobloomtools, fastq_screen, afterqc, fastp, fastqc, pychopper, pycoqc, minionqc, multivcfanalyzer, clusterflow, checkqc, bcl2fastq, bclconvert, interop, ivar, flash, seqyclean, optitype, whatshap
[2023-05-31 14:08:17,488] multiqc                                            [DEBUG  ]  Using temporary directory for creating report: /tmp/tmpthvl_p77
[2023-05-31 14:08:18,130] multiqc                                            [INFO   ]  Search path : /shared/ifbstor1/projects/2314_medbioinfo/magnus/MedBioinfo/data/merged_pairs
[2023-05-31 14:08:18,131] multiqc                                            [INFO   ]  Search path : /shared/ifbstor1/projects/2314_medbioinfo/magnus/MedBioinfo/analyses/fastqc
[2023-05-31 14:08:18,139] multiqc                                            [INFO   ]  Search path : /shared/ifbstor1/projects/2314_medbioinfo/magnus/MedBioinfo/analyses/mtronstad_flash2.log
[2023-05-31 14:08:18,140] multiqc                                            [INFO   ]  Search path : /shared/ifbstor1/projects/2314_medbioinfo/magnus/MedBioinfo/analyses/bowtie
[2023-05-31 14:08:18,144] multiqc                                            [INFO   ]  Search path : /shared/ifbstor1/projects/2314_medbioinfo/magnus/MedBioinfo/analyses/kraken2
[2023-05-31 14:08:40,057] multiqc                                            [DEBUG  ]  Summary of files that were skipped by the search: [skipped_module_specific_max_filesize: 437] // [skipped_no_match: 98] // [skipped_ignore_pattern: 32] // [skipped_filesize_limit: 23]
[2023-05-31 14:08:41,249] multiqc.plots.bargraph                             [DEBUG  ]  Using matplotlib version 3.6.1
[2023-05-31 14:08:41,251] multiqc.plots.linegraph                            [DEBUG  ]  Using matplotlib version 3.6.1
[2023-05-31 14:08:41,255] multiqc                                            [DEBUG  ]  No samples found: custom_content
[2023-05-31 14:08:41,274] multiqc.modules.bowtie2.bowtie2                    [INFO   ]  Found 2 reports
[2023-05-31 14:08:42,420] multiqc.modules.kraken.kraken                      [INFO   ]  Found 14 reports
[2023-05-31 14:08:44,601] multiqc.modules.fastqc.fastqc                      [INFO   ]  Found 20 reports
[2023-05-31 14:08:44,999] multiqc.modules.flash.flash                        [INFO   ]  Found 10 log reports
[2023-05-31 14:08:45,019] multiqc.modules.flash.flash                        [INFO   ]  Found 10 histogram reports
[2023-05-31 14:08:45,124] multiqc                                            [INFO   ]  Compressing plot data
[2023-05-31 14:08:46,303] multiqc                                            [INFO   ]  Report      : magnus-re-done-sample-sub-set_multiqc_report.html
[2023-05-31 14:08:46,310] multiqc                                            [INFO   ]  Data        : magnus-re-done-sample-sub-set_multiqc_report_data
[2023-05-31 14:08:46,311] multiqc                                            [DEBUG  ]  Moving data file from '/tmp/tmpthvl_p77/multiqc_data' to '/shared/ifbstor1/projects/2314_medbioinfo/magnus/MedBioinfo/analyses/magnus-re-done-sample-sub-set_multiqc_report_data'
[2023-05-31 14:08:46,633] multiqc                                            [INFO   ]  MultiQC complete
