Accnum is ERR6913180
START: Wed May 31 11:46:39 CEST 2023
 >> Checking for Valid Options...
 >> Running Bracken 
      >> python src/est_abundance.py -i /shared/projects/2314_medbioinfo/magnus/MedBioinfo/analyses/kraken2/ERR6913180_fastq_full_kraken2_report -o /shared/projects/2314_medbioinfo/magnus/MedBioinfo/analyses/bracken/ERR6913180_fastq_full_bracken_out -k /shared/projects/2314_medbioinfo/kraken2/arch_bact_vir_hum_protoz_fung/database50mers.kmer_distrib -l S -t 5
PROGRAM START TIME: 05-31-2023 09:50:16
BRACKEN SUMMARY (Kraken report: /shared/projects/2314_medbioinfo/magnus/MedBioinfo/analyses/kraken2/ERR6913180_fastq_full_kraken2_report)
    >>> Threshold: 5 
    >>> Number of species in sample: 5428 
	  >> Number of species with reads > threshold: 1906 
	  >> Number of species with reads < threshold: 3522 
    >>> Total reads in sample: 1117184
	  >> Total reads kept at species level (reads > threshold): 613605
	  >> Total reads discarded (species reads < threshold): 7025
	  >> Reads distributed: 683670
	  >> Reads not distributed (eg. no species above threshold): 7801
	  >> Unclassified reads: 425713
BRACKEN OUTPUT PRODUCED: /shared/projects/2314_medbioinfo/magnus/MedBioinfo/analyses/bracken/ERR6913180_fastq_full_bracken_out
PROGRAM END TIME: 05-31-2023 09:50:17
  Bracken complete.
Writing /shared/projects/2314_medbioinfo/magnus/MedBioinfo/analyses/krona/text.ERR6913180_without_prefix.html...
END: Wed May 31 11:50:18 CEST 2023
