Accnum is ERR6913179
START: Wed May 31 11:46:39 CEST 2023
 >> Checking for Valid Options...
 >> Running Bracken 
      >> python src/est_abundance.py -i /shared/projects/2314_medbioinfo/magnus/MedBioinfo/analyses/kraken2/ERR6913179_fastq_full_kraken2_report -o /shared/projects/2314_medbioinfo/magnus/MedBioinfo/analyses/bracken/ERR6913179_fastq_full_bracken_out -k /shared/projects/2314_medbioinfo/kraken2/arch_bact_vir_hum_protoz_fung/database50mers.kmer_distrib -l S -t 5
PROGRAM START TIME: 05-31-2023 09:49:57
BRACKEN SUMMARY (Kraken report: /shared/projects/2314_medbioinfo/magnus/MedBioinfo/analyses/kraken2/ERR6913179_fastq_full_kraken2_report)
    >>> Threshold: 5 
    >>> Number of species in sample: 4616 
	  >> Number of species with reads > threshold: 1001 
	  >> Number of species with reads < threshold: 3615 
    >>> Total reads in sample: 884598
	  >> Total reads kept at species level (reads > threshold): 602746
	  >> Total reads discarded (species reads < threshold): 6629
	  >> Reads distributed: 664661
	  >> Reads not distributed (eg. no species above threshold): 7349
	  >> Unclassified reads: 212588
BRACKEN OUTPUT PRODUCED: /shared/projects/2314_medbioinfo/magnus/MedBioinfo/analyses/bracken/ERR6913179_fastq_full_bracken_out
PROGRAM END TIME: 05-31-2023 09:49:58
  Bracken complete.
Writing /shared/projects/2314_medbioinfo/magnus/MedBioinfo/analyses/krona/text.ERR6913179_without_prefix.html...
END: Wed May 31 11:49:59 CEST 2023
