Accnum is ERR6913101
START: Wed May 31 11:46:38 CEST 2023
 >> Checking for Valid Options...
 >> Running Bracken 
      >> python src/est_abundance.py -i /shared/projects/2314_medbioinfo/magnus/MedBioinfo/analyses/kraken2/ERR6913101_fastq_full_kraken2_report -o /shared/projects/2314_medbioinfo/magnus/MedBioinfo/analyses/bracken/ERR6913101_fastq_full_bracken_out -k /shared/projects/2314_medbioinfo/kraken2/arch_bact_vir_hum_protoz_fung/database50mers.kmer_distrib -l S -t 5
PROGRAM START TIME: 05-31-2023 09:51:39
BRACKEN SUMMARY (Kraken report: /shared/projects/2314_medbioinfo/magnus/MedBioinfo/analyses/kraken2/ERR6913101_fastq_full_kraken2_report)
    >>> Threshold: 5 
    >>> Number of species in sample: 4675 
	  >> Number of species with reads > threshold: 754 
	  >> Number of species with reads < threshold: 3921 
    >>> Total reads in sample: 329134
	  >> Total reads kept at species level (reads > threshold): 57991
	  >> Total reads discarded (species reads < threshold): 6859
	  >> Reads distributed: 120818
	  >> Reads not distributed (eg. no species above threshold): 7544
	  >> Unclassified reads: 200772
BRACKEN OUTPUT PRODUCED: /shared/projects/2314_medbioinfo/magnus/MedBioinfo/analyses/bracken/ERR6913101_fastq_full_bracken_out
PROGRAM END TIME: 05-31-2023 09:51:39
  Bracken complete.
Writing /shared/projects/2314_medbioinfo/magnus/MedBioinfo/analyses/krona/text.ERR6913101_without_prefix.html...
END: Wed May 31 11:51:40 CEST 2023
