Accnum is ERR6913182
START: Wed May 31 11:46:39 CEST 2023
 >> Checking for Valid Options...
 >> Running Bracken 
      >> python src/est_abundance.py -i /shared/projects/2314_medbioinfo/magnus/MedBioinfo/analyses/kraken2/ERR6913182_fastq_full_kraken2_report -o /shared/projects/2314_medbioinfo/magnus/MedBioinfo/analyses/bracken/ERR6913182_fastq_full_bracken_out -k /shared/projects/2314_medbioinfo/kraken2/arch_bact_vir_hum_protoz_fung/database50mers.kmer_distrib -l S -t 5
PROGRAM START TIME: 05-31-2023 09:54:53
BRACKEN SUMMARY (Kraken report: /shared/projects/2314_medbioinfo/magnus/MedBioinfo/analyses/kraken2/ERR6913182_fastq_full_kraken2_report)
    >>> Threshold: 5 
    >>> Number of species in sample: 5343 
	  >> Number of species with reads > threshold: 1191 
	  >> Number of species with reads < threshold: 4152 
    >>> Total reads in sample: 964385
	  >> Total reads kept at species level (reads > threshold): 615693
	  >> Total reads discarded (species reads < threshold): 7825
	  >> Reads distributed: 687385
	  >> Reads not distributed (eg. no species above threshold): 8551
	  >> Unclassified reads: 268449
BRACKEN OUTPUT PRODUCED: /shared/projects/2314_medbioinfo/magnus/MedBioinfo/analyses/bracken/ERR6913182_fastq_full_bracken_out
PROGRAM END TIME: 05-31-2023 09:54:53
  Bracken complete.
Writing /shared/projects/2314_medbioinfo/magnus/MedBioinfo/analyses/krona/text.ERR6913182_without_prefix.html...
END: Wed May 31 11:54:54 CEST 2023
