Accnum is ERR6913275
START: Wed May 31 11:46:39 CEST 2023
 >> Checking for Valid Options...
 >> Running Bracken 
      >> python src/est_abundance.py -i /shared/projects/2314_medbioinfo/magnus/MedBioinfo/analyses/kraken2/ERR6913275_fastq_full_kraken2_report -o /shared/projects/2314_medbioinfo/magnus/MedBioinfo/analyses/bracken/ERR6913275_fastq_full_bracken_out -k /shared/projects/2314_medbioinfo/kraken2/arch_bact_vir_hum_protoz_fung/database50mers.kmer_distrib -l S -t 5
PROGRAM START TIME: 05-31-2023 09:49:44
BRACKEN SUMMARY (Kraken report: /shared/projects/2314_medbioinfo/magnus/MedBioinfo/analyses/kraken2/ERR6913275_fastq_full_kraken2_report)
    >>> Threshold: 5 
    >>> Number of species in sample: 2284 
	  >> Number of species with reads > threshold: 410 
	  >> Number of species with reads < threshold: 1874 
    >>> Total reads in sample: 303081
	  >> Total reads kept at species level (reads > threshold): 100148
	  >> Total reads discarded (species reads < threshold): 2847
	  >> Reads distributed: 267080
	  >> Reads not distributed (eg. no species above threshold): 3506
	  >> Unclassified reads: 32495
BRACKEN OUTPUT PRODUCED: /shared/projects/2314_medbioinfo/magnus/MedBioinfo/analyses/bracken/ERR6913275_fastq_full_bracken_out
PROGRAM END TIME: 05-31-2023 09:49:45
  Bracken complete.
Writing /shared/projects/2314_medbioinfo/magnus/MedBioinfo/analyses/krona/text.ERR6913275_without_prefix.html...
END: Wed May 31 11:49:45 CEST 2023
