Accnum is ERR6913181
START: Wed May 31 11:46:38 CEST 2023
 >> Checking for Valid Options...
 >> Running Bracken 
      >> python src/est_abundance.py -i /shared/projects/2314_medbioinfo/magnus/MedBioinfo/analyses/kraken2/ERR6913181_fastq_full_kraken2_report -o /shared/projects/2314_medbioinfo/magnus/MedBioinfo/analyses/bracken/ERR6913181_fastq_full_bracken_out -k /shared/projects/2314_medbioinfo/kraken2/arch_bact_vir_hum_protoz_fung/database50mers.kmer_distrib -l S -t 5
PROGRAM START TIME: 05-31-2023 09:49:55
BRACKEN SUMMARY (Kraken report: /shared/projects/2314_medbioinfo/magnus/MedBioinfo/analyses/kraken2/ERR6913181_fastq_full_kraken2_report)
    >>> Threshold: 5 
    >>> Number of species in sample: 3593 
	  >> Number of species with reads > threshold: 706 
	  >> Number of species with reads < threshold: 2887 
    >>> Total reads in sample: 1126282
	  >> Total reads kept at species level (reads > threshold): 847618
	  >> Total reads discarded (species reads < threshold): 4932
	  >> Reads distributed: 967700
	  >> Reads not distributed (eg. no species above threshold): 5470
	  >> Unclassified reads: 153112
BRACKEN OUTPUT PRODUCED: /shared/projects/2314_medbioinfo/magnus/MedBioinfo/analyses/bracken/ERR6913181_fastq_full_bracken_out
PROGRAM END TIME: 05-31-2023 09:49:55
  Bracken complete.
Writing /shared/projects/2314_medbioinfo/magnus/MedBioinfo/analyses/krona/text.ERR6913181_without_prefix.html...
END: Wed May 31 11:49:56 CEST 2023
