ERR6913277.41.1	CP030928.1	98.684	76	1	0	1	76	22459	22534	3.34e-28	135
ERR6913277.41.1	CP030928.1	98.684	76	1	0	1	76	70120	70195	3.34e-28	135
ERR6913277.41.1	CP030928.1	98.684	76	1	0	1	76	133438	133513	3.34e-28	135
ERR6913277.41.1	CP030928.1	98.684	76	1	0	1	76	139244	139319	3.34e-28	135
ERR6913277.41.1	CP030928.1	98.684	76	1	0	1	76	351545	351620	3.34e-28	135
ERR6913277.41.1	CP030928.1	98.684	76	1	0	1	76	1654865	1654790	3.34e-28	135
ERR6913277.41.1	CP030927.1	98.684	76	1	0	1	76	22464	22539	3.34e-28	135
ERR6913277.41.1	CP030927.1	98.684	76	1	0	1	76	127298	127373	3.34e-28	135
ERR6913277.41.1	CP030927.1	98.684	76	1	0	1	76	133106	133181	3.34e-28	135
ERR6913277.41.1	CP030927.1	98.684	76	1	0	1	76	1107048	1106973	3.34e-28	135
ERR6913277.41.1	CP030927.1	98.684	76	1	0	1	76	1667406	1667331	3.34e-28	135
ERR6913277.41.1	CP028896.1	98.684	76	1	0	1	76	22538	22613	3.34e-28	135
ERR6913277.41.1	CP028896.1	98.684	76	1	0	1	76	70198	70273	3.34e-28	135
ERR6913277.41.1	CP028896.1	98.684	76	1	0	1	76	133515	133590	3.34e-28	135
ERR6913277.41.1	CP028896.1	98.684	76	1	0	1	76	139321	139396	3.34e-28	135
ERR6913277.41.1	CP028896.1	98.684	76	1	0	1	76	351622	351697	3.34e-28	135
ERR6913277.41.1	CP028896.1	98.684	76	1	0	1	76	1654541	1654466	3.34e-28	135
ERR6913277.41.1	CP053998.1	98.684	76	1	0	1	76	930388	930313	3.34e-28	135
ERR6913277.41.1	CP053998.1	98.684	76	1	0	1	76	936193	936118	3.34e-28	135
ERR6913277.41.1	CP053998.1	98.684	76	1	0	1	76	1148841	1148916	3.34e-28	135
ERR6913277.41.1	CP053998.1	98.684	76	1	0	1	76	1195083	1195158	3.34e-28	135
ERR6913277.41.1	CP053998.1	98.684	76	1	0	1	76	1255658	1255733	3.34e-28	135
ERR6913277.41.1	CP053998.1	98.684	76	1	0	1	76	1469063	1469138	3.34e-28	135
ERR6913277.41.1	CP049053.1	98.684	76	1	0	1	76	23877	23952	3.34e-28	135
ERR6913277.41.1	CP049053.1	98.684	76	1	0	1	76	71596	71671	3.34e-28	135
ERR6913277.41.1	CP049053.1	98.684	76	1	0	1	76	139341	139416	3.34e-28	135
ERR6913277.41.1	CP049053.1	98.684	76	1	0	1	76	352132	352207	3.34e-28	135
ERR6913277.41.1	CP049053.1	98.684	76	1	0	1	76	1635581	1635506	3.34e-28	135
ERR6913277.41.1	CP049053.1	96.104	77	2	1	1	76	133532	133608	7.22e-25	124
ERR6913277.43.1	MT573575.1	99.500	200	1	0	1	200	80	279	1.51e-96	364
ERR6913277.43.1	MT573574.1	99.500	200	1	0	1	200	87	286	1.51e-96	364
ERR6913277.43.1	MT512097.1	99.500	200	1	0	1	200	84	283	1.51e-96	364
ERR6913277.43.1	MT512096.1	99.500	200	1	0	1	200	89	288	1.51e-96	364
ERR6913277.43.1	MN880139.1	99.500	200	1	0	1	200	64	263	1.51e-96	364
ERR6913277.44.1	JQ470318.1	99.024	205	1	1	1	205	9	212	4.32e-97	366
ERR6913277.44.1	JN069527.1	99.024	205	1	1	1	205	3	206	4.32e-97	366
ERR6913277.44.1	JN065943.1	99.024	205	1	1	1	205	3	206	4.32e-97	366
ERR6913277.44.1	JN062127.1	99.024	205	1	1	1	205	3	206	4.32e-97	366
ERR6913277.44.1	FJ558493.1	99.024	205	1	1	1	205	5	208	4.32e-97	366
ERR6913277.45.1	CP002843.1	98.529	204	3	0	1	204	79924	79721	2.02e-95	361
ERR6913277.45.1	CP044230.1	98.039	204	4	0	1	204	625079	624876	9.41e-94	355
ERR6913277.45.1	CP049820.1	98.039	204	4	0	1	204	628969	628766	9.41e-94	355
ERR6913277.45.1	CP003122.1	98.039	204	4	0	1	204	627655	627452	9.41e-94	355
ERR6913277.45.1	CP072329.1	94.712	208	9	2	1	206	599794	599587	9.54e-84	322
ERR6913277.46.1	CP079821.1	97.279	147	3	1	2	147	670360	670214	1.08e-61	248
ERR6913277.46.1	CP006776.1	97.279	147	3	1	2	147	359067	358921	1.08e-61	248
ERR6913277.46.1	CP006805.1	96.599	147	4	1	2	147	22941	22795	5.02e-60	243
ERR6913277.47.1	CP013216.1	100.000	133	0	0	1	133	1789700	1789832	3.68e-61	246
ERR6913277.47.1	LR134274.1	100.000	132	0	0	2	133	1893052	1893183	1.32e-60	244
ERR6913277.47.1	CP014144.1	100.000	132	0	0	2	133	1715368	1715237	1.32e-60	244
ERR6913277.47.1	CP009913.1	100.000	132	0	0	2	133	1881714	1881845	1.32e-60	244
ERR6913277.47.1	CP018189.1	99.248	133	1	0	1	133	1883642	1883774	1.71e-59	241
ERR6913277.48.1	CP018189.1	100.000	115	0	0	1	115	18294	18180	2.82e-51	213
ERR6913277.48.1	CP018189.1	100.000	115	0	0	1	115	66090	65976	2.82e-51	213
ERR6913277.48.1	CP018189.1	100.000	115	0	0	1	115	123132	123018	2.82e-51	213
ERR6913277.48.1	CP018189.1	100.000	115	0	0	1	115	128935	128821	2.82e-51	213
ERR6913277.48.1	CP018189.1	100.000	115	0	0	1	115	344961	344847	2.82e-51	213
ERR6913277.48.1	CP018189.1	100.000	115	0	0	1	115	1999737	1999851	2.82e-51	213
ERR6913277.48.1	CP018186.1	100.000	115	0	0	1	115	18294	18180	2.82e-51	213
ERR6913277.48.1	CP018186.1	100.000	115	0	0	1	115	66090	65976	2.82e-51	213
ERR6913277.48.1	CP018186.1	100.000	115	0	0	1	115	123132	123018	2.82e-51	213
ERR6913277.48.1	CP018186.1	100.000	115	0	0	1	115	128935	128821	2.82e-51	213
ERR6913277.48.1	CP018186.1	100.000	115	0	0	1	115	344961	344847	2.82e-51	213
ERR6913277.48.1	CP018186.1	100.000	115	0	0	1	115	1999742	1999856	2.82e-51	213
ERR6913277.48.1	CP040804.1	100.000	115	0	0	1	115	19738	19852	2.82e-51	213
ERR6913277.48.1	CP040804.1	100.000	115	0	0	1	115	25541	25655	2.82e-51	213
ERR6913277.48.1	CP040804.1	100.000	115	0	0	1	115	98377	98491	2.82e-51	213
ERR6913277.48.1	CP040804.1	100.000	115	0	0	1	115	148360	148474	2.82e-51	213
ERR6913277.48.1	CP040804.1	100.000	115	0	0	1	115	344703	344589	2.82e-51	213
ERR6913277.48.1	CP040804.1	100.000	115	0	0	1	115	2002605	2002719	2.82e-51	213
ERR6913277.48.1	CP040804.1	100.000	115	0	0	1	115	2226641	2226755	2.82e-51	213
ERR6913277.48.1	CP040804.1	100.000	115	0	0	1	115	2232331	2232445	2.82e-51	213
ERR6913277.48.1	MK330589.1	100.000	115	0	0	1	115	3420	3306	2.82e-51	213
ERR6913277.48.1	LR134274.1	100.000	115	0	0	1	115	18296	18182	2.82e-51	213
ERR6913277.48.1	LR134274.1	100.000	115	0	0	1	115	66739	66625	2.82e-51	213
ERR6913277.48.1	LR134274.1	100.000	115	0	0	1	115	191846	191732	2.82e-51	213
ERR6913277.48.1	LR134274.1	100.000	115	0	0	1	115	397013	396899	2.82e-51	213
ERR6913277.48.1	LR134274.1	100.000	115	0	0	1	115	2008082	2008196	2.82e-51	213
ERR6913277.48.1	LR134274.1	100.000	115	0	0	1	115	2013886	2014000	2.82e-51	213
ERR6913277.50.1	CP030928.1	100.000	146	0	0	1	146	20098	19953	2.28e-68	270
ERR6913277.50.1	CP030928.1	100.000	146	0	0	1	146	67759	67614	2.28e-68	270
ERR6913277.50.1	CP030928.1	100.000	146	0	0	1	146	131077	130932	2.28e-68	270
ERR6913277.50.1	CP030928.1	100.000	146	0	0	1	146	136883	136738	2.28e-68	270
ERR6913277.50.1	CP030928.1	100.000	146	0	0	1	146	349184	349039	2.28e-68	270
ERR6913277.50.1	CP030928.1	100.000	146	0	0	1	146	1657226	1657371	2.28e-68	270
ERR6913277.50.1	CP030927.1	100.000	146	0	0	1	146	20103	19958	2.28e-68	270
ERR6913277.50.1	CP030927.1	100.000	146	0	0	1	146	124937	124792	2.28e-68	270
ERR6913277.50.1	CP030927.1	100.000	146	0	0	1	146	130745	130600	2.28e-68	270
ERR6913277.50.1	CP030927.1	100.000	146	0	0	1	146	1109409	1109554	2.28e-68	270
ERR6913277.50.1	CP030927.1	100.000	146	0	0	1	146	1669767	1669912	2.28e-68	270
ERR6913277.50.1	CP028896.1	100.000	146	0	0	1	146	20178	20033	2.28e-68	270
ERR6913277.50.1	CP028896.1	100.000	146	0	0	1	146	67838	67693	2.28e-68	270
ERR6913277.50.1	CP028896.1	100.000	146	0	0	1	146	131155	131010	2.28e-68	270
ERR6913277.50.1	CP028896.1	100.000	146	0	0	1	146	136960	136815	2.28e-68	270
ERR6913277.50.1	CP028896.1	100.000	146	0	0	1	146	349261	349116	2.28e-68	270
ERR6913277.50.1	CP028896.1	100.000	146	0	0	1	146	1656902	1657047	2.28e-68	270
ERR6913277.50.1	CP051138.1	100.000	146	0	0	1	146	19458	19313	2.28e-68	270
ERR6913277.50.1	CP051138.1	100.000	146	0	0	1	146	25459	25314	2.28e-68	270
ERR6913277.50.1	CP051138.1	100.000	146	0	0	1	146	84636	84491	2.28e-68	270
ERR6913277.50.1	CP051138.1	100.000	146	0	0	1	146	267658	267513	2.28e-68	270
ERR6913277.50.1	CP051138.1	100.000	146	0	0	1	146	514209	514064	2.28e-68	270
ERR6913277.50.1	CP051138.1	100.000	146	0	0	1	146	1614044	1614189	2.28e-68	270
ERR6913277.50.1	CP054015.1	100.000	146	0	0	1	146	820990	820845	2.28e-68	270
ERR6913277.50.1	CP054015.1	100.000	146	0	0	1	146	826803	826658	2.28e-68	270
ERR6913277.50.1	CP054015.1	100.000	146	0	0	1	146	887811	887666	2.28e-68	270
ERR6913277.50.1	CP054015.1	100.000	146	0	0	1	146	1056672	1056527	2.28e-68	270
ERR6913277.50.1	CP054015.1	100.000	146	0	0	1	146	1115359	1115214	2.28e-68	270
ERR6913277.50.1	CP054015.1	100.000	146	0	0	1	146	1287241	1287096	2.28e-68	270
ERR6913277.51.1	CP030928.1	100.000	238	0	0	1	238	20684	20921	2.98e-119	440
ERR6913277.51.1	CP030928.1	100.000	238	0	0	1	238	68345	68582	2.98e-119	440
ERR6913277.51.1	CP030928.1	100.000	238	0	0	1	238	131663	131900	2.98e-119	440
ERR6913277.51.1	CP030928.1	100.000	238	0	0	1	238	137469	137706	2.98e-119	440
ERR6913277.51.1	CP030928.1	100.000	238	0	0	1	238	349770	350007	2.98e-119	440
ERR6913277.51.1	CP030928.1	100.000	238	0	0	1	238	1656640	1656403	2.98e-119	440
ERR6913277.51.1	CP030927.1	100.000	238	0	0	1	238	20689	20926	2.98e-119	440
ERR6913277.51.1	CP030927.1	100.000	238	0	0	1	238	125523	125760	2.98e-119	440
ERR6913277.51.1	CP030927.1	100.000	238	0	0	1	238	131331	131568	2.98e-119	440
ERR6913277.51.1	CP030927.1	100.000	238	0	0	1	238	1108823	1108586	2.98e-119	440
ERR6913277.51.1	CP030927.1	100.000	238	0	0	1	238	1669181	1668944	2.98e-119	440
ERR6913277.51.1	CP028896.1	100.000	238	0	0	1	238	20764	21001	2.98e-119	440
ERR6913277.51.1	CP028896.1	100.000	238	0	0	1	238	68424	68661	2.98e-119	440
ERR6913277.51.1	CP028896.1	100.000	238	0	0	1	238	131741	131978	2.98e-119	440
ERR6913277.51.1	CP028896.1	100.000	238	0	0	1	238	137546	137783	2.98e-119	440
ERR6913277.51.1	CP028896.1	100.000	238	0	0	1	238	349847	350084	2.98e-119	440
ERR6913277.51.1	CP028896.1	100.000	238	0	0	1	238	1656316	1656079	2.98e-119	440
ERR6913277.51.1	CP053998.1	100.000	238	0	0	1	238	932163	931926	2.98e-119	440
ERR6913277.51.1	CP053998.1	100.000	238	0	0	1	238	937968	937731	2.98e-119	440
ERR6913277.51.1	CP053998.1	100.000	238	0	0	1	238	1147066	1147303	2.98e-119	440
ERR6913277.51.1	CP053998.1	100.000	238	0	0	1	238	1193308	1193545	2.98e-119	440
ERR6913277.51.1	CP053998.1	100.000	238	0	0	1	238	1253883	1254120	2.98e-119	440
ERR6913277.51.1	CP053998.1	100.000	238	0	0	1	238	1467288	1467525	2.98e-119	440
ERR6913277.51.1	CP049053.1	100.000	238	0	0	1	238	22102	22339	2.98e-119	440
ERR6913277.51.1	CP049053.1	100.000	238	0	0	1	238	69821	70058	2.98e-119	440
ERR6913277.51.1	CP049053.1	100.000	238	0	0	1	238	131759	131996	2.98e-119	440
ERR6913277.51.1	CP049053.1	100.000	238	0	0	1	238	137566	137803	2.98e-119	440
ERR6913277.51.1	CP049053.1	100.000	238	0	0	1	238	350357	350594	2.98e-119	440
ERR6913277.51.1	CP049053.1	100.000	238	0	0	1	238	1637356	1637119	2.98e-119	440
